remote: error: GH013: Repository rule violations found for refs/heads/main.        
remote: Review all repository rules at http://github.com/wither7007/bash/rules?ref=refs%2Fheads%2Fmain        
remote: 
remote: - GITHUB PUSH PROTECTION        
remote:   ——————————————————————————————————————————————————————        
remote:    Resolve the following secrets before pushing again.        
remote:           
remote:    (?) Learn how to resolve a blocked push        
remote:    https://docs.github.com/code-security/secret-scanning/pushing-a-branch-blocked-by-push-protection        
remote:           
remote:    (?) This repository does not have Secret Scanning enabled, but is eligible. Enable Secret Scanning to view and manage detected secrets.        
remote:    Visit the repository settings page, https://github.com/wither7007/bash/settings/security_analysis        
remote:           
remote:           
remote:           
remote:   —— GitHub OAuth Access Token —————————————————————————        
remote:    locations:        
remote:      - commit: 7bf7595f7bf03284a6dad64879ee1179113a15bb        
remote:        path: .config/gh/hosts.yml:3        
remote:           
remote:    (?) To push, remove secret from commit(s) or follow this URL to allow the secret.        
remote:    https://github.com/wither7007/bash/security/secret-scanning/unblock-secret/2dwCiQTc0UgMiyizVVkMVgCHKHB        
remote: 
To github.com:wither7007/bash.git
 ! [remote rejected] main -> main (push declined due to repository rule violations)
error: failed to push some refs to 'github.com:wither7007/bash.git'
